<?xml version="1.0" encoding="UTF-8"?>
<!-- Generated by org.testng.reporters.JUnitReportReporter -->
<testsuite hostname="DESKTOP-K1DG42D" failures="0" tests="1" name="co.te.ma.TestCases" time="0.241" errors="0" timestamp="2021-03-29T21:06:59 AEDT" skipped="0">
  <testcase classname="co.te.ma.TestCases" name="TestThree" time="0.241"/>
  <system-out/>
</testsuite> <!-- co.te.ma.TestCases -->
