<?xml version="1.0" encoding="UTF-8"?>
<!-- Generated by org.testng.reporters.JUnitReportReporter -->
<testsuite hostname="DESKTOP-K1DG42D" failures="0" tests="1" name="co.te.ma.TestMaven" time="0.007" errors="0" timestamp="2021-03-27T22:19:20 AEDT" skipped="0">
  <testcase classname="co.te.ma.TestMaven" name="testrun" time="0.007"/>
  <system-out/>
</testsuite> <!-- co.te.ma.TestMaven -->
